

Started GET "/" for ::1 at 2016-05-05 20:50:37 +0700

ActiveRecord::PendingMigrationError - 

Migrations are pending. To resolve this issue, run:

	bin/rake db:migrate RAILS_ENV=development

:
  activerecord (4.2.5) lib/active_record/migration.rb:392:in `check_pending!'
  activerecord (4.2.5) lib/active_record/migration.rb:373:in `call'
  actionpack (4.2.5) lib/action_dispatch/middleware/callbacks.rb:29:in `block in call'
  activesupport (4.2.5) lib/active_support/callbacks.rb:88:in `__run_callbacks__'
  activesupport (4.2.5) lib/active_support/callbacks.rb:778:in `_run_call_callbacks'
  activesupport (4.2.5) lib/active_support/callbacks.rb:81:in `run_callbacks'
  actionpack (4.2.5) lib/action_dispatch/middleware/callbacks.rb:27:in `call'
  actionpack (4.2.5) lib/action_dispatch/middleware/reloader.rb:73:in `call'
  actionpack (4.2.5) lib/action_dispatch/middleware/remote_ip.rb:78:in `call'
  better_errors (2.1.1) lib/better_errors/middleware.rb:84:in `protected_app_call'
  better_errors (2.1.1) lib/better_errors/middleware.rb:79:in `better_errors_call'
  better_errors (2.1.1) lib/better_errors/middleware.rb:57:in `call'
  actionpack (4.2.5) lib/action_dispatch/middleware/debug_exceptions.rb:17:in `call'
  web-console (2.3.0) lib/web_console/middleware.rb:28:in `block in call'
  web-console (2.3.0) lib/web_console/middleware.rb:18:in `call'
  actionpack (4.2.5) lib/action_dispatch/middleware/show_exceptions.rb:30:in `call'
  railties (4.2.5) lib/rails/rack/logger.rb:38:in `call_app'
  railties (4.2.5) lib/rails/rack/logger.rb:20:in `block in call'
  activesupport (4.2.5) lib/active_support/tagged_logging.rb:68:in `block in tagged'
  activesupport (4.2.5) lib/active_support/tagged_logging.rb:26:in `tagged'
  activesupport (4.2.5) lib/active_support/tagged_logging.rb:68:in `tagged'
  railties (4.2.5) lib/rails/rack/logger.rb:20:in `call'
  quiet_assets (1.1.0) lib/quiet_assets.rb:27:in `call_with_quiet_assets'
  actionpack (4.2.5) lib/action_dispatch/middleware/request_id.rb:21:in `call'
  rack (1.6.4) lib/rack/methodoverride.rb:22:in `call'
  rack (1.6.4) lib/rack/runtime.rb:18:in `call'
  activesupport (4.2.5) lib/active_support/cache/strategy/local_cache_middleware.rb:28:in `call'
  rack (1.6.4) lib/rack/lock.rb:17:in `call'
  actionpack (4.2.5) lib/action_dispatch/middleware/static.rb:116:in `call'
  rack (1.6.4) lib/rack/sendfile.rb:113:in `call'
  railties (4.2.5) lib/rails/engine.rb:518:in `call'
  railties (4.2.5) lib/rails/application.rb:165:in `call'
  rack (1.6.4) lib/rack/content_length.rb:15:in `call'
  puma (3.4.0) lib/puma/configuration.rb:224:in `call'
  puma (3.4.0) lib/puma/server.rb:569:in `handle_request'
  puma (3.4.0) lib/puma/server.rb:406:in `process_client'
  puma (3.4.0) lib/puma/server.rb:271:in `block in run'
  puma (3.4.0) lib/puma/thread_pool.rb:114:in `block in spawn_thread'



Started POST "/__better_errors/4aa4eb07a431ec69/variables" for ::1 at 2016-05-05 20:50:38 +0700
  [1m[36m (1.7ms)[0m  [1mCREATE TABLE "schema_migrations" ("version" varchar NOT NULL) [0m
  [1m[35m (0.3ms)[0m  select sqlite_version(*)
  [1m[36m (1.9ms)[0m  [1mCREATE UNIQUE INDEX "unique_schema_migrations" ON "schema_migrations" ("version")[0m
  [1m[35mActiveRecord::SchemaMigration Load (0.1ms)[0m  SELECT "schema_migrations".* FROM "schema_migrations"
Migrating to DeviseCreateUsers (20160413160545)
  [1m[36m (0.1ms)[0m  [1mbegin transaction[0m
  [1m[35m (0.4ms)[0m  CREATE TABLE "users" ("id" INTEGER PRIMARY KEY AUTOINCREMENT NOT NULL, "email" varchar DEFAULT '' NOT NULL, "encrypted_password" varchar DEFAULT '' NOT NULL, "reset_password_token" varchar, "reset_password_sent_at" datetime, "remember_created_at" datetime, "sign_in_count" integer DEFAULT 0 NOT NULL, "current_sign_in_at" datetime, "last_sign_in_at" datetime, "current_sign_in_ip" varchar, "last_sign_in_ip" varchar, "created_at" datetime NOT NULL, "updated_at" datetime NOT NULL) 
  [1m[36m (0.3ms)[0m  [1mCREATE UNIQUE INDEX "index_users_on_email" ON "users" ("email")[0m
  [1m[35m (0.1ms)[0m              SELECT sql
            FROM sqlite_master
            WHERE name='index_users_on_email' AND type='index'
            UNION ALL
            SELECT sql
            FROM sqlite_temp_master
            WHERE name='index_users_on_email' AND type='index'

  [1m[36m (0.1ms)[0m  [1mCREATE UNIQUE INDEX "index_users_on_reset_password_token" ON "users" ("reset_password_token")[0m
  [1m[35mSQL (0.1ms)[0m  INSERT INTO "schema_migrations" ("version") VALUES (?)  [["version", "20160413160545"]]
  [1m[36m (1.6ms)[0m  [1mcommit transaction[0m
Migrating to AddAttributesToUsers (20160413172905)
  [1m[35m (0.1ms)[0m  begin transaction
  [1m[36m (0.3ms)[0m  [1mALTER TABLE "users" ADD "first_name" text[0m
  [1m[35m (0.2ms)[0m  ALTER TABLE "users" ADD "last_name" text
  [1m[36m (0.2ms)[0m  [1mALTER TABLE "users" ADD "student_id_number" integer[0m
  [1m[35m (0.2ms)[0m  ALTER TABLE "users" ADD "phone_number" text
  [1m[36mSQL (0.1ms)[0m  [1mINSERT INTO "schema_migrations" ("version") VALUES (?)[0m  [["version", "20160413172905"]]
  [1m[35m (1.6ms)[0m  commit transaction
Migrating to CreateCourses (20160413172907)
  [1m[36m (0.1ms)[0m  [1mbegin transaction[0m
  [1m[35m (0.3ms)[0m  CREATE TABLE "courses" ("id" INTEGER PRIMARY KEY AUTOINCREMENT NOT NULL, "course_code" text, "course_name" text, "created_at" datetime NOT NULL, "updated_at" datetime NOT NULL) 
  [1m[36mSQL (0.1ms)[0m  [1mINSERT INTO "schema_migrations" ("version") VALUES (?)[0m  [["version", "20160413172907"]]
  [1m[35m (1.7ms)[0m  commit transaction
Migrating to CreateInstructors (20160413172910)
  [1m[36m (0.1ms)[0m  [1mbegin transaction[0m
  [1m[35m (0.3ms)[0m  CREATE TABLE "instructors" ("id" INTEGER PRIMARY KEY AUTOINCREMENT NOT NULL, "first_name" text, "last_name" text, "created_at" datetime NOT NULL, "updated_at" datetime NOT NULL) 
  [1m[36mSQL (0.1ms)[0m  [1mINSERT INTO "schema_migrations" ("version") VALUES (?)[0m  [["version", "20160413172910"]]
  [1m[35m (1.7ms)[0m  commit transaction
Migrating to CreateTerms (20160413172912)
  [1m[36m (0.1ms)[0m  [1mbegin transaction[0m
  [1m[35m (0.3ms)[0m  CREATE TABLE "terms" ("id" INTEGER PRIMARY KEY AUTOINCREMENT NOT NULL, "term_formatted" text, "created_at" datetime NOT NULL, "updated_at" datetime NOT NULL) 
  [1m[36mSQL (0.1ms)[0m  [1mINSERT INTO "schema_migrations" ("version") VALUES (?)[0m  [["version", "20160413172912"]]
  [1m[35m (1.5ms)[0m  commit transaction
Migrating to CreateLectures (20160413172914)
  [1m[36m (0.1ms)[0m  [1mbegin transaction[0m
  [1m[35m (0.3ms)[0m  CREATE TABLE "lectures" ("id" INTEGER PRIMARY KEY AUTOINCREMENT NOT NULL, "user_id" integer, "course_id" integer, "instructor_id" integer, "term_id" integer, "lecture_name" text, "chapter" text, "description" text, "created_at" datetime NOT NULL, "updated_at" datetime NOT NULL) 
  [1m[36m (0.1ms)[0m  [1mCREATE  INDEX "index_lectures_on_user_id" ON "lectures" ("user_id")[0m
  [1m[35m (0.1ms)[0m              SELECT sql
            FROM sqlite_master
            WHERE name='index_lectures_on_user_id' AND type='index'
            UNION ALL
            SELECT sql
            FROM sqlite_temp_master
            WHERE name='index_lectures_on_user_id' AND type='index'

  [1m[36m (0.1ms)[0m  [1mCREATE  INDEX "index_lectures_on_course_id" ON "lectures" ("course_id")[0m
  [1m[35m (0.0ms)[0m              SELECT sql
            FROM sqlite_master
            WHERE name='index_lectures_on_course_id' AND type='index'
            UNION ALL
            SELECT sql
            FROM sqlite_temp_master
            WHERE name='index_lectures_on_course_id' AND type='index'

  [1m[36m (0.0ms)[0m  [1m            SELECT sql
            FROM sqlite_master
            WHERE name='index_lectures_on_user_id' AND type='index'
            UNION ALL
            SELECT sql
            FROM sqlite_temp_master
            WHERE name='index_lectures_on_user_id' AND type='index'
[0m
  [1m[35m (0.1ms)[0m  CREATE  INDEX "index_lectures_on_instructor_id" ON "lectures" ("instructor_id")
  [1m[36m (0.0ms)[0m  [1m            SELECT sql
            FROM sqlite_master
            WHERE name='index_lectures_on_instructor_id' AND type='index'
            UNION ALL
            SELECT sql
            FROM sqlite_temp_master
            WHERE name='index_lectures_on_instructor_id' AND type='index'
[0m
  [1m[35m (0.0ms)[0m              SELECT sql
            FROM sqlite_master
            WHERE name='index_lectures_on_course_id' AND type='index'
            UNION ALL
            SELECT sql
            FROM sqlite_temp_master
            WHERE name='index_lectures_on_course_id' AND type='index'

  [1m[36m (0.0ms)[0m  [1m            SELECT sql
            FROM sqlite_master
            WHERE name='index_lectures_on_user_id' AND type='index'
            UNION ALL
            SELECT sql
            FROM sqlite_temp_master
            WHERE name='index_lectures_on_user_id' AND type='index'
[0m
  [1m[35m (0.1ms)[0m  CREATE  INDEX "index_lectures_on_term_id" ON "lectures" ("term_id")
  [1m[36mSQL (0.1ms)[0m  [1mINSERT INTO "schema_migrations" ("version") VALUES (?)[0m  [["version", "20160413172914"]]
  [1m[35m (1.6ms)[0m  commit transaction
Migrating to CreateLectureFiles (20160413172917)
  [1m[36m (0.1ms)[0m  [1mbegin transaction[0m
  [1m[35m (0.4ms)[0m  CREATE TABLE "lecture_files" ("id" INTEGER PRIMARY KEY AUTOINCREMENT NOT NULL, "lecture_id" integer, "user_id" integer, "created_at" datetime NOT NULL, "updated_at" datetime NOT NULL) 
  [1m[36m (0.2ms)[0m  [1mCREATE  INDEX "index_lecture_files_on_lecture_id" ON "lecture_files" ("lecture_id")[0m
  [1m[35m (0.1ms)[0m              SELECT sql
            FROM sqlite_master
            WHERE name='index_lecture_files_on_lecture_id' AND type='index'
            UNION ALL
            SELECT sql
            FROM sqlite_temp_master
            WHERE name='index_lecture_files_on_lecture_id' AND type='index'

  [1m[36m (0.3ms)[0m  [1mCREATE  INDEX "index_lecture_files_on_user_id" ON "lecture_files" ("user_id")[0m
  [1m[35mSQL (0.3ms)[0m  INSERT INTO "schema_migrations" ("version") VALUES (?)  [["version", "20160413172917"]]
  [1m[36m (1.9ms)[0m  [1mcommit transaction[0m
Migrating to CreateReviews (20160413172919)
  [1m[35m (0.1ms)[0m  begin transaction
  [1m[36m (0.3ms)[0m  [1mCREATE TABLE "reviews" ("id" INTEGER PRIMARY KEY AUTOINCREMENT NOT NULL, "user_id" integer, "lecture_id" integer, "content" text, "rating" integer, "created_at" datetime NOT NULL, "updated_at" datetime NOT NULL) [0m
  [1m[35m (0.1ms)[0m  CREATE  INDEX "index_reviews_on_user_id" ON "reviews" ("user_id")
  [1m[36m (0.0ms)[0m  [1m            SELECT sql
            FROM sqlite_master
            WHERE name='index_reviews_on_user_id' AND type='index'
            UNION ALL
            SELECT sql
            FROM sqlite_temp_master
            WHERE name='index_reviews_on_user_id' AND type='index'
[0m
  [1m[35m (0.1ms)[0m  CREATE  INDEX "index_reviews_on_lecture_id" ON "reviews" ("lecture_id")
  [1m[36mSQL (0.1ms)[0m  [1mINSERT INTO "schema_migrations" ("version") VALUES (?)[0m  [["version", "20160413172919"]]
  [1m[35m (1.7ms)[0m  commit transaction
Migrating to AddAttachmentImageToLectureFiles (20160416072326)
  [1m[36m (0.1ms)[0m  [1mbegin transaction[0m
  [1m[35m (0.3ms)[0m  ALTER TABLE "lecture_files" ADD "image_file_name" varchar
  [1m[36m (0.1ms)[0m  [1mALTER TABLE "lecture_files" ADD "image_content_type" varchar[0m
  [1m[35m (0.1ms)[0m  ALTER TABLE "lecture_files" ADD "image_file_size" integer
  [1m[36m (0.1ms)[0m  [1mALTER TABLE "lecture_files" ADD "image_updated_at" datetime[0m
  [1m[35mSQL (0.1ms)[0m  INSERT INTO "schema_migrations" ("version") VALUES (?)  [["version", "20160416072326"]]
  [1m[36m (1.5ms)[0m  [1mcommit transaction[0m
Migrating to AddAttachmentFileToLectureFiles (20160416145348)
  [1m[35m (0.1ms)[0m  begin transaction
  [1m[36m (0.3ms)[0m  [1mALTER TABLE "lecture_files" ADD "file_file_name" varchar[0m
  [1m[35m (0.1ms)[0m  ALTER TABLE "lecture_files" ADD "file_content_type" varchar
  [1m[36m (0.1ms)[0m  [1mALTER TABLE "lecture_files" ADD "file_file_size" integer[0m
  [1m[35m (0.1ms)[0m  ALTER TABLE "lecture_files" ADD "file_updated_at" datetime
  [1m[36mSQL (0.1ms)[0m  [1mINSERT INTO "schema_migrations" ("version") VALUES (?)[0m  [["version", "20160416145348"]]
  [1m[35m (1.6ms)[0m  commit transaction
Migrating to CreateRoles (20160419070611)
  [1m[36m (0.1ms)[0m  [1mbegin transaction[0m
  [1m[35m (0.4ms)[0m  CREATE TABLE "roles" ("id" INTEGER PRIMARY KEY AUTOINCREMENT NOT NULL, "name" text, "description" text, "created_at" datetime NOT NULL, "updated_at" datetime NOT NULL) 
  [1m[36mSQL (0.1ms)[0m  [1mINSERT INTO "schema_migrations" ("version") VALUES (?)[0m  [["version", "20160419070611"]]
  [1m[35m (1.5ms)[0m  commit transaction
Migrating to CreateUserRoles (20160419070702)
  [1m[36m (0.1ms)[0m  [1mbegin transaction[0m
  [1m[35m (0.4ms)[0m  CREATE TABLE "user_roles" ("id" INTEGER PRIMARY KEY AUTOINCREMENT NOT NULL, "user_id" integer, "role_id" integer, "created_at" datetime NOT NULL, "updated_at" datetime NOT NULL) 
  [1m[36m (0.1ms)[0m  [1mCREATE  INDEX "index_user_roles_on_user_id" ON "user_roles" ("user_id")[0m
  [1m[35m (0.0ms)[0m              SELECT sql
            FROM sqlite_master
            WHERE name='index_user_roles_on_user_id' AND type='index'
            UNION ALL
            SELECT sql
            FROM sqlite_temp_master
            WHERE name='index_user_roles_on_user_id' AND type='index'

  [1m[36m (0.1ms)[0m  [1mCREATE  INDEX "index_user_roles_on_role_id" ON "user_roles" ("role_id")[0m
  [1m[35mSQL (0.1ms)[0m  INSERT INTO "schema_migrations" ("version") VALUES (?)  [["version", "20160419070702"]]
  [1m[36m (1.7ms)[0m  [1mcommit transaction[0m
Migrating to AddAttachmentAvatarToUsers (20160422081803)
  [1m[35m (0.1ms)[0m  begin transaction
  [1m[36m (0.4ms)[0m  [1mALTER TABLE "users" ADD "avatar_file_name" varchar[0m
  [1m[35m (0.1ms)[0m  ALTER TABLE "users" ADD "avatar_content_type" varchar
  [1m[36m (0.1ms)[0m  [1mALTER TABLE "users" ADD "avatar_file_size" integer[0m
  [1m[35m (0.1ms)[0m  ALTER TABLE "users" ADD "avatar_updated_at" datetime
  [1m[36mSQL (0.1ms)[0m  [1mINSERT INTO "schema_migrations" ("version") VALUES (?)[0m  [["version", "20160422081803"]]
  [1m[35m (1.5ms)[0m  commit transaction
Migrating to AddLineToUsers (20160423074329)
  [1m[36m (0.1ms)[0m  [1mbegin transaction[0m
  [1m[35m (0.4ms)[0m  ALTER TABLE "users" ADD "line" text
  [1m[36mSQL (0.2ms)[0m  [1mINSERT INTO "schema_migrations" ("version") VALUES (?)[0m  [["version", "20160423074329"]]
  [1m[35m (2.9ms)[0m  commit transaction
Migrating to AddFacebookToUsers (20160423074525)
  [1m[36m (0.1ms)[0m  [1mbegin transaction[0m
  [1m[35m (0.4ms)[0m  ALTER TABLE "users" ADD "facebook" text
  [1m[36mSQL (0.1ms)[0m  [1mINSERT INTO "schema_migrations" ("version") VALUES (?)[0m  [["version", "20160423074525"]]
  [1m[35m (1.5ms)[0m  commit transaction
Migrating to CreateMajors (20160423075716)
  [1m[36m (0.1ms)[0m  [1mbegin transaction[0m
  [1m[35m (0.3ms)[0m  CREATE TABLE "majors" ("id" INTEGER PRIMARY KEY AUTOINCREMENT NOT NULL, "major_name" text, "major_code" text, "created_at" datetime NOT NULL, "updated_at" datetime NOT NULL) 
  [1m[36mSQL (0.1ms)[0m  [1mINSERT INTO "schema_migrations" ("version") VALUES (?)[0m  [["version", "20160423075716"]]
  [1m[35m (1.6ms)[0m  commit transaction
Migrating to AddMajorToUsers (20160423075819)
  [1m[36m (0.1ms)[0m  [1mbegin transaction[0m
  [1m[35m (0.9ms)[0m  ALTER TABLE "users" ADD "major_id" integer
  [1m[36m (0.1ms)[0m  [1m            SELECT sql
            FROM sqlite_master
            WHERE name='index_users_on_reset_password_token' AND type='index'
            UNION ALL
            SELECT sql
            FROM sqlite_temp_master
            WHERE name='index_users_on_reset_password_token' AND type='index'
[0m
  [1m[35m (0.1ms)[0m              SELECT sql
            FROM sqlite_master
            WHERE name='index_users_on_email' AND type='index'
            UNION ALL
            SELECT sql
            FROM sqlite_temp_master
            WHERE name='index_users_on_email' AND type='index'

  [1m[36m (0.4ms)[0m  [1mCREATE  INDEX "index_users_on_major_id" ON "users" ("major_id")[0m
  [1m[35mSQL (0.3ms)[0m  INSERT INTO "schema_migrations" ("version") VALUES (?)  [["version", "20160423075819"]]
  [1m[36m (1.8ms)[0m  [1mcommit transaction[0m
Migrating to AddApproveToLectures (20160502132937)
  [1m[35m (0.1ms)[0m  begin transaction
  [1m[36m (0.3ms)[0m  [1mALTER TABLE "lectures" ADD "approve" boolean[0m
  [1m[35mSQL (0.1ms)[0m  INSERT INTO "schema_migrations" ("version") VALUES (?)  [["version", "20160502132937"]]
  [1m[36m (1.4ms)[0m  [1mcommit transaction[0m
  [1m[35mActiveRecord::SchemaMigration Load (0.1ms)[0m  SELECT "schema_migrations".* FROM "schema_migrations"
  [1m[36m (0.1ms)[0m  [1m            SELECT sql
            FROM sqlite_master
            WHERE name='index_lecture_files_on_user_id' AND type='index'
            UNION ALL
            SELECT sql
            FROM sqlite_temp_master
            WHERE name='index_lecture_files_on_user_id' AND type='index'
[0m
  [1m[35m (0.1ms)[0m              SELECT sql
            FROM sqlite_master
            WHERE name='index_lecture_files_on_lecture_id' AND type='index'
            UNION ALL
            SELECT sql
            FROM sqlite_temp_master
            WHERE name='index_lecture_files_on_lecture_id' AND type='index'

  [1m[36m (0.1ms)[0m  [1m            SELECT sql
            FROM sqlite_master
            WHERE name='index_lectures_on_term_id' AND type='index'
            UNION ALL
            SELECT sql
            FROM sqlite_temp_master
            WHERE name='index_lectures_on_term_id' AND type='index'
[0m
  [1m[35m (0.1ms)[0m              SELECT sql
            FROM sqlite_master
            WHERE name='index_lectures_on_instructor_id' AND type='index'
            UNION ALL
            SELECT sql
            FROM sqlite_temp_master
            WHERE name='index_lectures_on_instructor_id' AND type='index'

  [1m[36m (0.1ms)[0m  [1m            SELECT sql
            FROM sqlite_master
            WHERE name='index_lectures_on_course_id' AND type='index'
            UNION ALL
            SELECT sql
            FROM sqlite_temp_master
            WHERE name='index_lectures_on_course_id' AND type='index'
[0m
  [1m[35m (0.1ms)[0m              SELECT sql
            FROM sqlite_master
            WHERE name='index_lectures_on_user_id' AND type='index'
            UNION ALL
            SELECT sql
            FROM sqlite_temp_master
            WHERE name='index_lectures_on_user_id' AND type='index'

  [1m[36m (0.1ms)[0m  [1m            SELECT sql
            FROM sqlite_master
            WHERE name='index_reviews_on_lecture_id' AND type='index'
            UNION ALL
            SELECT sql
            FROM sqlite_temp_master
            WHERE name='index_reviews_on_lecture_id' AND type='index'
[0m
  [1m[35m (0.1ms)[0m              SELECT sql
            FROM sqlite_master
            WHERE name='index_reviews_on_user_id' AND type='index'
            UNION ALL
            SELECT sql
            FROM sqlite_temp_master
            WHERE name='index_reviews_on_user_id' AND type='index'

  [1m[36m (0.1ms)[0m  [1m            SELECT sql
            FROM sqlite_master
            WHERE name='index_user_roles_on_role_id' AND type='index'
            UNION ALL
            SELECT sql
            FROM sqlite_temp_master
            WHERE name='index_user_roles_on_role_id' AND type='index'
[0m
  [1m[35m (0.1ms)[0m              SELECT sql
            FROM sqlite_master
            WHERE name='index_user_roles_on_user_id' AND type='index'
            UNION ALL
            SELECT sql
            FROM sqlite_temp_master
            WHERE name='index_user_roles_on_user_id' AND type='index'

  [1m[36m (0.3ms)[0m  [1m            SELECT sql
            FROM sqlite_master
            WHERE name='index_users_on_major_id' AND type='index'
            UNION ALL
            SELECT sql
            FROM sqlite_temp_master
            WHERE name='index_users_on_major_id' AND type='index'
[0m
  [1m[35m (0.1ms)[0m              SELECT sql
            FROM sqlite_master
            WHERE name='index_users_on_reset_password_token' AND type='index'
            UNION ALL
            SELECT sql
            FROM sqlite_temp_master
            WHERE name='index_users_on_reset_password_token' AND type='index'

  [1m[36m (0.2ms)[0m  [1m            SELECT sql
            FROM sqlite_master
            WHERE name='index_users_on_email' AND type='index'
            UNION ALL
            SELECT sql
            FROM sqlite_temp_master
            WHERE name='index_users_on_email' AND type='index'
[0m


Started GET "/" for ::1 at 2016-05-05 20:50:56 +0700
  [1m[36mActiveRecord::SchemaMigration Load (1.1ms)[0m  [1mSELECT "schema_migrations".* FROM "schema_migrations"[0m
Processing by StaticPagesController#index as HTML
  Rendered static_pages/index.html.erb within layouts/application (1342.7ms)
  Rendered layouts/_navtop.html.erb (4.7ms)
Completed 200 OK in 1534ms (Views: 1515.6ms | ActiveRecord: 0.0ms)


Started GET "/static_pages/show?utf8=%E2%9C%93&q=wegegew&button=" for ::1 at 2016-05-05 20:51:00 +0700
Processing by StaticPagesController#show as HTML
  Parameters: {"utf8"=>"✓", "q"=>"wegegew", "button"=>""}
  [1m[33mLecture Search (126.6ms)[0m  curl http://localhost:9200/lectures_development/_search?pretty -d '{"query":{"dis_max":{"queries":[{"match":{"_all":{"query":"wegegew","operator":"and","boost":10,"analyzer":"searchkick_search"}}},{"match":{"_all":{"query":"wegegew","operator":"and","boost":10,"analyzer":"searchkick_search2"}}},{"match":{"_all":{"query":"wegegew","operator":"and","boost":1,"analyzer":"searchkick_search","fuzziness":1,"prefix_length":0,"max_expansions":3,"fuzzy_transpositions":true}}},{"match":{"_all":{"query":"wegegew","operator":"and","boost":1,"analyzer":"searchkick_search2","fuzziness":1,"prefix_length":0,"max_expansions":3,"fuzzy_transpositions":true}}}]}},"size":5,"from":0,"fields":[]}'
  [1m[33mCourse Search (12.4ms)[0m  curl http://localhost:9200/courses_development/_search?pretty -d '{"query":{"dis_max":{"queries":[{"match":{"_all":{"query":"wegegew","operator":"and","boost":10,"analyzer":"searchkick_search"}}},{"match":{"_all":{"query":"wegegew","operator":"and","boost":10,"analyzer":"searchkick_search2"}}},{"match":{"_all":{"query":"wegegew","operator":"and","boost":1,"analyzer":"searchkick_search","fuzziness":1,"prefix_length":0,"max_expansions":3,"fuzzy_transpositions":true}}},{"match":{"_all":{"query":"wegegew","operator":"and","boost":1,"analyzer":"searchkick_search2","fuzziness":1,"prefix_length":0,"max_expansions":3,"fuzzy_transpositions":true}}}]}},"size":5,"from":0,"fields":[]}'
Completed 500 Internal Server Error in 225ms (Searchkick: 139.0ms | ActiveRecord: 0.0ms)

Searchkick::MissingIndexError - Index missing - run Course.reindex:
  searchkick (1.2.1) lib/searchkick/query.rb:123:in `handle_error'
  searchkick (1.2.1) lib/searchkick/query.rb:76:in `rescue in execute'
  searchkick (1.2.1) lib/searchkick/query.rb:69:in `execute'
  searchkick (1.2.1) lib/searchkick/index.rb:130:in `search_model'
  searchkick (1.2.1) lib/searchkick/model.rb:22:in `searchkick_search'
  app/controllers/static_pages_controller.rb:8:in `show'
  actionpack (4.2.5) lib/action_controller/metal/implicit_render.rb:4:in `send_action'
  actionpack (4.2.5) lib/abstract_controller/base.rb:198:in `process_action'
  actionpack (4.2.5) lib/action_controller/metal/rendering.rb:10:in `process_action'
  actionpack (4.2.5) lib/abstract_controller/callbacks.rb:20:in `block in process_action'
  activesupport (4.2.5) lib/active_support/callbacks.rb:117:in `call'
  activesupport (4.2.5) lib/active_support/callbacks.rb:555:in `block (2 levels) in compile'
  activesupport (4.2.5) lib/active_support/callbacks.rb:505:in `call'
  activesupport (4.2.5) lib/active_support/callbacks.rb:92:in `__run_callbacks__'
  activesupport (4.2.5) lib/active_support/callbacks.rb:778:in `_run_process_action_callbacks'
  activesupport (4.2.5) lib/active_support/callbacks.rb:81:in `run_callbacks'
  actionpack (4.2.5) lib/abstract_controller/callbacks.rb:19:in `process_action'
  actionpack (4.2.5) lib/action_controller/metal/rescue.rb:29:in `process_action'
  actionpack (4.2.5) lib/action_controller/metal/instrumentation.rb:32:in `block in process_action'
  activesupport (4.2.5) lib/active_support/notifications.rb:164:in `block in instrument'
  activesupport (4.2.5) lib/active_support/notifications/instrumenter.rb:20:in `instrument'
  activesupport (4.2.5) lib/active_support/notifications.rb:164:in `instrument'
  actionpack (4.2.5) lib/action_controller/metal/instrumentation.rb:30:in `process_action'
  actionpack (4.2.5) lib/action_controller/metal/params_wrapper.rb:250:in `process_action'
  searchkick (1.2.1) lib/searchkick/logging.rb:153:in `process_action'
  activerecord (4.2.5) lib/active_record/railties/controller_runtime.rb:18:in `process_action'
  actionpack (4.2.5) lib/abstract_controller/base.rb:137:in `process'
  actionview (4.2.5) lib/action_view/rendering.rb:30:in `process'
  actionpack (4.2.5) lib/action_controller/metal.rb:196:in `dispatch'
  actionpack (4.2.5) lib/action_controller/metal/rack_delegation.rb:13:in `dispatch'
  actionpack (4.2.5) lib/action_controller/metal.rb:237:in `block in action'
  actionpack (4.2.5) lib/action_dispatch/routing/route_set.rb:76:in `dispatch'
  actionpack (4.2.5) lib/action_dispatch/routing/route_set.rb:45:in `serve'
  actionpack (4.2.5) lib/action_dispatch/journey/router.rb:43:in `block in serve'
  actionpack (4.2.5) lib/action_dispatch/journey/router.rb:30:in `serve'
  actionpack (4.2.5) lib/action_dispatch/routing/route_set.rb:817:in `call'
  warden (1.2.6) lib/warden/manager.rb:35:in `block in call'
  warden (1.2.6) lib/warden/manager.rb:34:in `call'
  rack (1.6.4) lib/rack/etag.rb:24:in `call'
  rack (1.6.4) lib/rack/conditionalget.rb:25:in `call'
  rack (1.6.4) lib/rack/head.rb:13:in `call'
  actionpack (4.2.5) lib/action_dispatch/middleware/params_parser.rb:27:in `call'
  actionpack (4.2.5) lib/action_dispatch/middleware/flash.rb:260:in `call'
  rack (1.6.4) lib/rack/session/abstract/id.rb:225:in `context'
  rack (1.6.4) lib/rack/session/abstract/id.rb:220:in `call'
  actionpack (4.2.5) lib/action_dispatch/middleware/cookies.rb:560:in `call'
  activerecord (4.2.5) lib/active_record/query_cache.rb:36:in `call'
  activerecord (4.2.5) lib/active_record/connection_adapters/abstract/connection_pool.rb:653:in `call'
  activerecord (4.2.5) lib/active_record/migration.rb:377:in `call'
  actionpack (4.2.5) lib/action_dispatch/middleware/callbacks.rb:29:in `block in call'
  activesupport (4.2.5) lib/active_support/callbacks.rb:88:in `__run_callbacks__'
  activesupport (4.2.5) lib/active_support/callbacks.rb:778:in `_run_call_callbacks'
  activesupport (4.2.5) lib/active_support/callbacks.rb:81:in `run_callbacks'
  actionpack (4.2.5) lib/action_dispatch/middleware/callbacks.rb:27:in `call'
  actionpack (4.2.5) lib/action_dispatch/middleware/reloader.rb:73:in `call'
  actionpack (4.2.5) lib/action_dispatch/middleware/remote_ip.rb:78:in `call'
  better_errors (2.1.1) lib/better_errors/middleware.rb:84:in `protected_app_call'
  better_errors (2.1.1) lib/better_errors/middleware.rb:79:in `better_errors_call'
  better_errors (2.1.1) lib/better_errors/middleware.rb:57:in `call'
  actionpack (4.2.5) lib/action_dispatch/middleware/debug_exceptions.rb:17:in `call'
  web-console (2.3.0) lib/web_console/middleware.rb:28:in `block in call'
  web-console (2.3.0) lib/web_console/middleware.rb:18:in `call'
  actionpack (4.2.5) lib/action_dispatch/middleware/show_exceptions.rb:30:in `call'
  railties (4.2.5) lib/rails/rack/logger.rb:38:in `call_app'
  railties (4.2.5) lib/rails/rack/logger.rb:20:in `block in call'
  activesupport (4.2.5) lib/active_support/tagged_logging.rb:68:in `block in tagged'
  activesupport (4.2.5) lib/active_support/tagged_logging.rb:26:in `tagged'
  activesupport (4.2.5) lib/active_support/tagged_logging.rb:68:in `tagged'
  railties (4.2.5) lib/rails/rack/logger.rb:20:in `call'
  quiet_assets (1.1.0) lib/quiet_assets.rb:27:in `call_with_quiet_assets'
  actionpack (4.2.5) lib/action_dispatch/middleware/request_id.rb:21:in `call'
  rack (1.6.4) lib/rack/methodoverride.rb:22:in `call'
  rack (1.6.4) lib/rack/runtime.rb:18:in `call'
  activesupport (4.2.5) lib/active_support/cache/strategy/local_cache_middleware.rb:28:in `call'
  rack (1.6.4) lib/rack/lock.rb:17:in `call'
  actionpack (4.2.5) lib/action_dispatch/middleware/static.rb:116:in `call'
  rack (1.6.4) lib/rack/sendfile.rb:113:in `call'
  railties (4.2.5) lib/rails/engine.rb:518:in `call'
  railties (4.2.5) lib/rails/application.rb:165:in `call'
  rack (1.6.4) lib/rack/content_length.rb:15:in `call'
  puma (3.4.0) lib/puma/configuration.rb:224:in `call'
  puma (3.4.0) lib/puma/server.rb:569:in `handle_request'
  puma (3.4.0) lib/puma/server.rb:406:in `process_client'
  puma (3.4.0) lib/puma/server.rb:271:in `block in run'
  puma (3.4.0) lib/puma/thread_pool.rb:114:in `block in spawn_thread'



Started POST "/__better_errors/8622cced7385c492/variables" for ::1 at 2016-05-05 20:51:00 +0700


Started GET "/static_pages/show?utf8=%E2%9C%93&q=wegegew&button=" for ::1 at 2016-05-05 20:51:49 +0700
Processing by StaticPagesController#show as HTML
  Parameters: {"utf8"=>"✓", "q"=>"wegegew", "button"=>""}
  [1m[33mLecture Search (7.7ms)[0m  curl http://localhost:9200/lectures_development/_search?pretty -d '{"query":{"dis_max":{"queries":[{"match":{"_all":{"query":"wegegew","operator":"and","boost":10,"analyzer":"searchkick_search"}}},{"match":{"_all":{"query":"wegegew","operator":"and","boost":10,"analyzer":"searchkick_search2"}}},{"match":{"_all":{"query":"wegegew","operator":"and","boost":1,"analyzer":"searchkick_search","fuzziness":1,"prefix_length":0,"max_expansions":3,"fuzzy_transpositions":true}}},{"match":{"_all":{"query":"wegegew","operator":"and","boost":1,"analyzer":"searchkick_search2","fuzziness":1,"prefix_length":0,"max_expansions":3,"fuzzy_transpositions":true}}}]}},"size":5,"from":0,"fields":[]}'
  [1m[33mCourse Search (7.2ms)[0m  curl http://localhost:9200/courses_development/_search?pretty -d '{"query":{"dis_max":{"queries":[{"match":{"_all":{"query":"wegegew","operator":"and","boost":10,"analyzer":"searchkick_search"}}},{"match":{"_all":{"query":"wegegew","operator":"and","boost":10,"analyzer":"searchkick_search2"}}},{"match":{"_all":{"query":"wegegew","operator":"and","boost":1,"analyzer":"searchkick_search","fuzziness":1,"prefix_length":0,"max_expansions":3,"fuzzy_transpositions":true}}},{"match":{"_all":{"query":"wegegew","operator":"and","boost":1,"analyzer":"searchkick_search2","fuzziness":1,"prefix_length":0,"max_expansions":3,"fuzzy_transpositions":true}}}]}},"size":5,"from":0,"fields":[]}'
Completed 500 Internal Server Error in 35ms (Searchkick: 14.9ms | ActiveRecord: 0.0ms)

Searchkick::MissingIndexError - Index missing - run Course.reindex:
  searchkick (1.2.1) lib/searchkick/query.rb:123:in `handle_error'
  searchkick (1.2.1) lib/searchkick/query.rb:76:in `rescue in execute'
  searchkick (1.2.1) lib/searchkick/query.rb:69:in `execute'
  searchkick (1.2.1) lib/searchkick/index.rb:130:in `search_model'
  searchkick (1.2.1) lib/searchkick/model.rb:22:in `searchkick_search'
  app/controllers/static_pages_controller.rb:8:in `show'
  actionpack (4.2.5) lib/action_controller/metal/implicit_render.rb:4:in `send_action'
  actionpack (4.2.5) lib/abstract_controller/base.rb:198:in `process_action'
  actionpack (4.2.5) lib/action_controller/metal/rendering.rb:10:in `process_action'
  actionpack (4.2.5) lib/abstract_controller/callbacks.rb:20:in `block in process_action'
  activesupport (4.2.5) lib/active_support/callbacks.rb:117:in `call'
  activesupport (4.2.5) lib/active_support/callbacks.rb:555:in `block (2 levels) in compile'
  activesupport (4.2.5) lib/active_support/callbacks.rb:505:in `call'
  activesupport (4.2.5) lib/active_support/callbacks.rb:92:in `__run_callbacks__'
  activesupport (4.2.5) lib/active_support/callbacks.rb:778:in `_run_process_action_callbacks'
  activesupport (4.2.5) lib/active_support/callbacks.rb:81:in `run_callbacks'
  actionpack (4.2.5) lib/abstract_controller/callbacks.rb:19:in `process_action'
  actionpack (4.2.5) lib/action_controller/metal/rescue.rb:29:in `process_action'
  actionpack (4.2.5) lib/action_controller/metal/instrumentation.rb:32:in `block in process_action'
  activesupport (4.2.5) lib/active_support/notifications.rb:164:in `block in instrument'
  activesupport (4.2.5) lib/active_support/notifications/instrumenter.rb:20:in `instrument'
  activesupport (4.2.5) lib/active_support/notifications.rb:164:in `instrument'
  actionpack (4.2.5) lib/action_controller/metal/instrumentation.rb:30:in `process_action'
  actionpack (4.2.5) lib/action_controller/metal/params_wrapper.rb:250:in `process_action'
  searchkick (1.2.1) lib/searchkick/logging.rb:153:in `process_action'
  activerecord (4.2.5) lib/active_record/railties/controller_runtime.rb:18:in `process_action'
  actionpack (4.2.5) lib/abstract_controller/base.rb:137:in `process'
  actionview (4.2.5) lib/action_view/rendering.rb:30:in `process'
  actionpack (4.2.5) lib/action_controller/metal.rb:196:in `dispatch'
  actionpack (4.2.5) lib/action_controller/metal/rack_delegation.rb:13:in `dispatch'
  actionpack (4.2.5) lib/action_controller/metal.rb:237:in `block in action'
  actionpack (4.2.5) lib/action_dispatch/routing/route_set.rb:76:in `dispatch'
  actionpack (4.2.5) lib/action_dispatch/routing/route_set.rb:45:in `serve'
  actionpack (4.2.5) lib/action_dispatch/journey/router.rb:43:in `block in serve'
  actionpack (4.2.5) lib/action_dispatch/journey/router.rb:30:in `serve'
  actionpack (4.2.5) lib/action_dispatch/routing/route_set.rb:817:in `call'
  warden (1.2.6) lib/warden/manager.rb:35:in `block in call'
  warden (1.2.6) lib/warden/manager.rb:34:in `call'
  rack (1.6.4) lib/rack/etag.rb:24:in `call'
  rack (1.6.4) lib/rack/conditionalget.rb:25:in `call'
  rack (1.6.4) lib/rack/head.rb:13:in `call'
  actionpack (4.2.5) lib/action_dispatch/middleware/params_parser.rb:27:in `call'
  actionpack (4.2.5) lib/action_dispatch/middleware/flash.rb:260:in `call'
  rack (1.6.4) lib/rack/session/abstract/id.rb:225:in `context'
  rack (1.6.4) lib/rack/session/abstract/id.rb:220:in `call'
  actionpack (4.2.5) lib/action_dispatch/middleware/cookies.rb:560:in `call'
  activerecord (4.2.5) lib/active_record/query_cache.rb:36:in `call'
  activerecord (4.2.5) lib/active_record/connection_adapters/abstract/connection_pool.rb:653:in `call'
  activerecord (4.2.5) lib/active_record/migration.rb:377:in `call'
  actionpack (4.2.5) lib/action_dispatch/middleware/callbacks.rb:29:in `block in call'
  activesupport (4.2.5) lib/active_support/callbacks.rb:88:in `__run_callbacks__'
  activesupport (4.2.5) lib/active_support/callbacks.rb:778:in `_run_call_callbacks'
  activesupport (4.2.5) lib/active_support/callbacks.rb:81:in `run_callbacks'
  actionpack (4.2.5) lib/action_dispatch/middleware/callbacks.rb:27:in `call'
  actionpack (4.2.5) lib/action_dispatch/middleware/reloader.rb:73:in `call'
  actionpack (4.2.5) lib/action_dispatch/middleware/remote_ip.rb:78:in `call'
  better_errors (2.1.1) lib/better_errors/middleware.rb:84:in `protected_app_call'
  better_errors (2.1.1) lib/better_errors/middleware.rb:79:in `better_errors_call'
  better_errors (2.1.1) lib/better_errors/middleware.rb:57:in `call'
  actionpack (4.2.5) lib/action_dispatch/middleware/debug_exceptions.rb:17:in `call'
  web-console (2.3.0) lib/web_console/middleware.rb:28:in `block in call'
  web-console (2.3.0) lib/web_console/middleware.rb:18:in `call'
  actionpack (4.2.5) lib/action_dispatch/middleware/show_exceptions.rb:30:in `call'
  railties (4.2.5) lib/rails/rack/logger.rb:38:in `call_app'
  railties (4.2.5) lib/rails/rack/logger.rb:20:in `block in call'
  activesupport (4.2.5) lib/active_support/tagged_logging.rb:68:in `block in tagged'
  activesupport (4.2.5) lib/active_support/tagged_logging.rb:26:in `tagged'
  activesupport (4.2.5) lib/active_support/tagged_logging.rb:68:in `tagged'
  railties (4.2.5) lib/rails/rack/logger.rb:20:in `call'
  quiet_assets (1.1.0) lib/quiet_assets.rb:27:in `call_with_quiet_assets'
  actionpack (4.2.5) lib/action_dispatch/middleware/request_id.rb:21:in `call'
  rack (1.6.4) lib/rack/methodoverride.rb:22:in `call'
  rack (1.6.4) lib/rack/runtime.rb:18:in `call'
  activesupport (4.2.5) lib/active_support/cache/strategy/local_cache_middleware.rb:28:in `call'
  rack (1.6.4) lib/rack/lock.rb:17:in `call'
  actionpack (4.2.5) lib/action_dispatch/middleware/static.rb:116:in `call'
  rack (1.6.4) lib/rack/sendfile.rb:113:in `call'
  railties (4.2.5) lib/rails/engine.rb:518:in `call'
  railties (4.2.5) lib/rails/application.rb:165:in `call'
  rack (1.6.4) lib/rack/content_length.rb:15:in `call'
  puma (3.4.0) lib/puma/configuration.rb:224:in `call'
  puma (3.4.0) lib/puma/server.rb:569:in `handle_request'
  puma (3.4.0) lib/puma/server.rb:406:in `process_client'
  puma (3.4.0) lib/puma/server.rb:271:in `block in run'
  puma (3.4.0) lib/puma/thread_pool.rb:114:in `block in spawn_thread'



Started POST "/__better_errors/091f929f9ade81a3/variables" for ::1 at 2016-05-05 20:51:49 +0700
  [1m[36mCourse Load (1.2ms)[0m  [1mSELECT  "courses".* FROM "courses"  ORDER BY "courses"."id" ASC LIMIT 1000[0m


Started GET "/" for ::1 at 2016-05-05 20:52:32 +0700
  [1m[36mActiveRecord::SchemaMigration Load (0.1ms)[0m  [1mSELECT "schema_migrations".* FROM "schema_migrations"[0m
Processing by StaticPagesController#index as HTML
  Rendered static_pages/index.html.erb within layouts/application (269.7ms)
  Rendered layouts/_navtop.html.erb (5.9ms)
Completed 200 OK in 489ms (Views: 473.6ms | ActiveRecord: 0.0ms)


Started GET "/" for ::1 at 2016-05-05 20:52:32 +0700
Processing by StaticPagesController#index as HTML
  Rendered static_pages/index.html.erb within layouts/application (9.3ms)
  Rendered layouts/_navtop.html.erb (1.2ms)
Completed 200 OK in 84ms (Views: 83.3ms | ActiveRecord: 0.0ms)


Started GET "/static_pages/show?utf8=%E2%9C%93&q=wegweg&button=" for ::1 at 2016-05-05 20:52:34 +0700
Processing by StaticPagesController#show as HTML
  Parameters: {"utf8"=>"✓", "q"=>"wegweg", "button"=>""}
  [1m[33mLecture Search (6.5ms)[0m  curl http://localhost:9200/lectures_development/_search?pretty -d '{"query":{"dis_max":{"queries":[{"match":{"_all":{"query":"wegweg","operator":"and","boost":10,"analyzer":"searchkick_search"}}},{"match":{"_all":{"query":"wegweg","operator":"and","boost":10,"analyzer":"searchkick_search2"}}},{"match":{"_all":{"query":"wegweg","operator":"and","boost":1,"analyzer":"searchkick_search","fuzziness":1,"prefix_length":0,"max_expansions":3,"fuzzy_transpositions":true}}},{"match":{"_all":{"query":"wegweg","operator":"and","boost":1,"analyzer":"searchkick_search2","fuzziness":1,"prefix_length":0,"max_expansions":3,"fuzzy_transpositions":true}}}]}},"size":5,"from":0,"fields":[]}'
  [1m[33mCourse Search (12.4ms)[0m  curl http://localhost:9200/courses_development/_search?pretty -d '{"query":{"dis_max":{"queries":[{"match":{"_all":{"query":"wegweg","operator":"and","boost":10,"analyzer":"searchkick_search"}}},{"match":{"_all":{"query":"wegweg","operator":"and","boost":10,"analyzer":"searchkick_search2"}}},{"match":{"_all":{"query":"wegweg","operator":"and","boost":1,"analyzer":"searchkick_search","fuzziness":1,"prefix_length":0,"max_expansions":3,"fuzzy_transpositions":true}}},{"match":{"_all":{"query":"wegweg","operator":"and","boost":1,"analyzer":"searchkick_search2","fuzziness":1,"prefix_length":0,"max_expansions":3,"fuzzy_transpositions":true}}}]}},"size":5,"from":0,"fields":[]}'
  Rendered static_pages/show.html.erb within layouts/application (1.1ms)
  Rendered layouts/_navtop.html.erb (0.6ms)
Completed 200 OK in 78ms (Views: 35.2ms | Searchkick: 18.9ms | ActiveRecord: 0.0ms)


Started GET "/" for ::1 at 2016-05-05 20:53:04 +0700
  [1m[36mActiveRecord::SchemaMigration Load (1.3ms)[0m  [1mSELECT "schema_migrations".* FROM "schema_migrations"[0m
Processing by StaticPagesController#index as HTML
  Rendered static_pages/index.html.erb within layouts/application (300.2ms)
  Rendered layouts/_navtop.html.erb (5.0ms)
Completed 200 OK in 530ms (Views: 512.3ms | ActiveRecord: 0.0ms)


Started GET "/" for ::1 at 2016-05-05 20:53:05 +0700
Processing by StaticPagesController#index as HTML
  Rendered static_pages/index.html.erb within layouts/application (4.2ms)
  Rendered layouts/_navtop.html.erb (0.7ms)
Completed 200 OK in 86ms (Views: 85.4ms | ActiveRecord: 0.0ms)


Started GET "/static_pages/show?utf8=%E2%9C%93&q=eweweew&button=" for ::1 at 2016-05-05 20:53:07 +0700
Processing by StaticPagesController#show as HTML
  Parameters: {"utf8"=>"✓", "q"=>"eweweew", "button"=>""}
Completed 500 Internal Server Error in 21ms (ActiveRecord: 0.0ms)

Faraday::ConnectionFailed - Connection refused - connect(2) for "localhost" port 9201:
  /Users/tow02/.rvm/rubies/ruby-2.2.1/lib/ruby/2.2.0/net/http.rb:879:in `initialize'
  /Users/tow02/.rvm/rubies/ruby-2.2.1/lib/ruby/2.2.0/net/http.rb:879:in `open'
  /Users/tow02/.rvm/rubies/ruby-2.2.1/lib/ruby/2.2.0/net/http.rb:879:in `block in connect'
  /Users/tow02/.rvm/rubies/ruby-2.2.1/lib/ruby/2.2.0/timeout.rb:89:in `block in timeout'
  /Users/tow02/.rvm/rubies/ruby-2.2.1/lib/ruby/2.2.0/timeout.rb:99:in `call'
  /Users/tow02/.rvm/rubies/ruby-2.2.1/lib/ruby/2.2.0/timeout.rb:99:in `timeout'
  /Users/tow02/.rvm/rubies/ruby-2.2.1/lib/ruby/2.2.0/net/http.rb:878:in `connect'
  /Users/tow02/.rvm/rubies/ruby-2.2.1/lib/ruby/2.2.0/net/http.rb:863:in `do_start'
  /Users/tow02/.rvm/rubies/ruby-2.2.1/lib/ruby/2.2.0/net/http.rb:852:in `start'
  /Users/tow02/.rvm/rubies/ruby-2.2.1/lib/ruby/2.2.0/net/http.rb:1375:in `request'
  /Users/tow02/.rvm/rubies/ruby-2.2.1/lib/ruby/2.2.0/net/http.rb:1133:in `get'
  faraday (0.9.2) lib/faraday/adapter/net_http.rb:80:in `perform_request'
  faraday (0.9.2) lib/faraday/adapter/net_http.rb:40:in `block in call'
  faraday (0.9.2) lib/faraday/adapter/net_http.rb:87:in `with_net_http_connection'
  faraday (0.9.2) lib/faraday/adapter/net_http.rb:32:in `call'
  searchkick (1.2.1) lib/searchkick/middleware.rb:9:in `call'
  faraday (0.9.2) lib/faraday/rack_builder.rb:139:in `build_response'
  faraday (0.9.2) lib/faraday/connection.rb:377:in `run_request'
  elasticsearch-transport (1.0.17) lib/elasticsearch/transport/transport/http/faraday.rb:21:in `block in perform_request'
  elasticsearch-transport (1.0.17) lib/elasticsearch/transport/transport/base.rb:257:in `call'
  elasticsearch-transport (1.0.17) lib/elasticsearch/transport/transport/base.rb:257:in `perform_request'
  elasticsearch-transport (1.0.17) lib/elasticsearch/transport/transport/http/faraday.rb:20:in `perform_request'
  elasticsearch-transport (1.0.17) lib/elasticsearch/transport/client.rb:128:in `perform_request'
  elasticsearch-api (1.0.17) lib/elasticsearch/api/actions/info.rb:15:in `info'
  searchkick (1.2.1) lib/searchkick.rb:58:in `server_version'
  searchkick (1.2.1) lib/searchkick/query.rb:762:in `below_version?'
  searchkick (1.2.1) lib/searchkick/query.rb:754:in `below14?'
  searchkick (1.2.1) lib/searchkick/query.rb:243:in `prepare'
  searchkick (1.2.1) lib/searchkick/query.rb:33:in `initialize'
  searchkick (1.2.1) lib/searchkick/index.rb:125:in `new'
  searchkick (1.2.1) lib/searchkick/index.rb:125:in `search_model'
  searchkick (1.2.1) lib/searchkick/model.rb:22:in `searchkick_search'
  app/controllers/static_pages_controller.rb:7:in `show'
  actionpack (4.2.5) lib/action_controller/metal/implicit_render.rb:4:in `send_action'
  actionpack (4.2.5) lib/abstract_controller/base.rb:198:in `process_action'
  actionpack (4.2.5) lib/action_controller/metal/rendering.rb:10:in `process_action'
  actionpack (4.2.5) lib/abstract_controller/callbacks.rb:20:in `block in process_action'
  activesupport (4.2.5) lib/active_support/callbacks.rb:117:in `call'
  activesupport (4.2.5) lib/active_support/callbacks.rb:117:in `call'
  activesupport (4.2.5) lib/active_support/callbacks.rb:555:in `block (2 levels) in compile'
  activesupport (4.2.5) lib/active_support/callbacks.rb:505:in `call'
  activesupport (4.2.5) lib/active_support/callbacks.rb:505:in `call'
  activesupport (4.2.5) lib/active_support/callbacks.rb:92:in `__run_callbacks__'
  activesupport (4.2.5) lib/active_support/callbacks.rb:778:in `_run_process_action_callbacks'
  activesupport (4.2.5) lib/active_support/callbacks.rb:81:in `run_callbacks'
  actionpack (4.2.5) lib/abstract_controller/callbacks.rb:19:in `process_action'
  actionpack (4.2.5) lib/action_controller/metal/rescue.rb:29:in `process_action'
  actionpack (4.2.5) lib/action_controller/metal/instrumentation.rb:32:in `block in process_action'
  activesupport (4.2.5) lib/active_support/notifications.rb:164:in `block in instrument'
  activesupport (4.2.5) lib/active_support/notifications/instrumenter.rb:20:in `instrument'
  activesupport (4.2.5) lib/active_support/notifications.rb:164:in `instrument'
  actionpack (4.2.5) lib/action_controller/metal/instrumentation.rb:30:in `process_action'
  actionpack (4.2.5) lib/action_controller/metal/params_wrapper.rb:250:in `process_action'
  searchkick (1.2.1) lib/searchkick/logging.rb:153:in `process_action'
  activerecord (4.2.5) lib/active_record/railties/controller_runtime.rb:18:in `process_action'
  actionpack (4.2.5) lib/abstract_controller/base.rb:137:in `process'
  actionview (4.2.5) lib/action_view/rendering.rb:30:in `process'
  actionpack (4.2.5) lib/action_controller/metal.rb:196:in `dispatch'
  actionpack (4.2.5) lib/action_controller/metal/rack_delegation.rb:13:in `dispatch'
  actionpack (4.2.5) lib/action_controller/metal.rb:237:in `block in action'
  actionpack (4.2.5) lib/action_dispatch/routing/route_set.rb:76:in `call'
  actionpack (4.2.5) lib/action_dispatch/routing/route_set.rb:76:in `dispatch'
  actionpack (4.2.5) lib/action_dispatch/routing/route_set.rb:45:in `serve'
  actionpack (4.2.5) lib/action_dispatch/journey/router.rb:43:in `block in serve'
  actionpack (4.2.5) lib/action_dispatch/journey/router.rb:30:in `each'
  actionpack (4.2.5) lib/action_dispatch/journey/router.rb:30:in `serve'
  actionpack (4.2.5) lib/action_dispatch/routing/route_set.rb:817:in `call'
  warden (1.2.6) lib/warden/manager.rb:35:in `block in call'
  warden (1.2.6) lib/warden/manager.rb:34:in `catch'
  warden (1.2.6) lib/warden/manager.rb:34:in `call'
  rack (1.6.4) lib/rack/etag.rb:24:in `call'
  rack (1.6.4) lib/rack/conditionalget.rb:25:in `call'
  rack (1.6.4) lib/rack/head.rb:13:in `call'
  actionpack (4.2.5) lib/action_dispatch/middleware/params_parser.rb:27:in `call'
  actionpack (4.2.5) lib/action_dispatch/middleware/flash.rb:260:in `call'
  rack (1.6.4) lib/rack/session/abstract/id.rb:225:in `context'
  rack (1.6.4) lib/rack/session/abstract/id.rb:220:in `call'
  actionpack (4.2.5) lib/action_dispatch/middleware/cookies.rb:560:in `call'
  activerecord (4.2.5) lib/active_record/query_cache.rb:36:in `call'
  activerecord (4.2.5) lib/active_record/connection_adapters/abstract/connection_pool.rb:653:in `call'
  activerecord (4.2.5) lib/active_record/migration.rb:377:in `call'
  actionpack (4.2.5) lib/action_dispatch/middleware/callbacks.rb:29:in `block in call'
  activesupport (4.2.5) lib/active_support/callbacks.rb:88:in `__run_callbacks__'
  activesupport (4.2.5) lib/active_support/callbacks.rb:778:in `_run_call_callbacks'
  activesupport (4.2.5) lib/active_support/callbacks.rb:81:in `run_callbacks'
  actionpack (4.2.5) lib/action_dispatch/middleware/callbacks.rb:27:in `call'
  actionpack (4.2.5) lib/action_dispatch/middleware/reloader.rb:73:in `call'
  actionpack (4.2.5) lib/action_dispatch/middleware/remote_ip.rb:78:in `call'
  better_errors (2.1.1) lib/better_errors/middleware.rb:84:in `protected_app_call'
  better_errors (2.1.1) lib/better_errors/middleware.rb:79:in `better_errors_call'
  better_errors (2.1.1) lib/better_errors/middleware.rb:57:in `call'
  actionpack (4.2.5) lib/action_dispatch/middleware/debug_exceptions.rb:17:in `call'
  web-console (2.3.0) lib/web_console/middleware.rb:28:in `block in call'
  web-console (2.3.0) lib/web_console/middleware.rb:18:in `catch'
  web-console (2.3.0) lib/web_console/middleware.rb:18:in `call'
  actionpack (4.2.5) lib/action_dispatch/middleware/show_exceptions.rb:30:in `call'
  railties (4.2.5) lib/rails/rack/logger.rb:38:in `call_app'
  railties (4.2.5) lib/rails/rack/logger.rb:20:in `block in call'
  activesupport (4.2.5) lib/active_support/tagged_logging.rb:68:in `block in tagged'
  activesupport (4.2.5) lib/active_support/tagged_logging.rb:26:in `tagged'
  activesupport (4.2.5) lib/active_support/tagged_logging.rb:68:in `tagged'
  railties (4.2.5) lib/rails/rack/logger.rb:20:in `call'
  quiet_assets (1.1.0) lib/quiet_assets.rb:27:in `call_with_quiet_assets'
  actionpack (4.2.5) lib/action_dispatch/middleware/request_id.rb:21:in `call'
  rack (1.6.4) lib/rack/methodoverride.rb:22:in `call'
  rack (1.6.4) lib/rack/runtime.rb:18:in `call'
  activesupport (4.2.5) lib/active_support/cache/strategy/local_cache_middleware.rb:28:in `call'
  rack (1.6.4) lib/rack/lock.rb:17:in `call'
  actionpack (4.2.5) lib/action_dispatch/middleware/static.rb:116:in `call'
  rack (1.6.4) lib/rack/sendfile.rb:113:in `call'
  railties (4.2.5) lib/rails/engine.rb:518:in `call'
  railties (4.2.5) lib/rails/application.rb:165:in `call'
  rack (1.6.4) lib/rack/content_length.rb:15:in `call'
  puma (3.4.0) lib/puma/configuration.rb:224:in `call'
  puma (3.4.0) lib/puma/server.rb:569:in `handle_request'
  puma (3.4.0) lib/puma/server.rb:406:in `process_client'
  puma (3.4.0) lib/puma/server.rb:271:in `block in run'
  puma (3.4.0) lib/puma/thread_pool.rb:114:in `call'
  puma (3.4.0) lib/puma/thread_pool.rb:114:in `block in spawn_thread'



Started POST "/__better_errors/bfaf5d202cbb5421/variables" for ::1 at 2016-05-05 20:53:07 +0700


Started GET "/static_pages/show?utf8=%E2%9C%93&q=eweweew&button=" for ::1 at 2016-05-05 20:54:11 +0700
Processing by StaticPagesController#show as HTML
  Parameters: {"utf8"=>"✓", "q"=>"eweweew", "button"=>""}
Completed 500 Internal Server Error in 2ms (ActiveRecord: 0.0ms)

Faraday::ConnectionFailed - Connection refused - connect(2) for "localhost" port 9201:
  /Users/tow02/.rvm/rubies/ruby-2.2.1/lib/ruby/2.2.0/net/http.rb:879:in `initialize'
  /Users/tow02/.rvm/rubies/ruby-2.2.1/lib/ruby/2.2.0/net/http.rb:879:in `open'
  /Users/tow02/.rvm/rubies/ruby-2.2.1/lib/ruby/2.2.0/net/http.rb:879:in `block in connect'
  /Users/tow02/.rvm/rubies/ruby-2.2.1/lib/ruby/2.2.0/timeout.rb:89:in `block in timeout'
  /Users/tow02/.rvm/rubies/ruby-2.2.1/lib/ruby/2.2.0/timeout.rb:99:in `call'
  /Users/tow02/.rvm/rubies/ruby-2.2.1/lib/ruby/2.2.0/timeout.rb:99:in `timeout'
  /Users/tow02/.rvm/rubies/ruby-2.2.1/lib/ruby/2.2.0/net/http.rb:878:in `connect'
  /Users/tow02/.rvm/rubies/ruby-2.2.1/lib/ruby/2.2.0/net/http.rb:863:in `do_start'
  /Users/tow02/.rvm/rubies/ruby-2.2.1/lib/ruby/2.2.0/net/http.rb:852:in `start'
  /Users/tow02/.rvm/rubies/ruby-2.2.1/lib/ruby/2.2.0/net/http.rb:1375:in `request'
  /Users/tow02/.rvm/rubies/ruby-2.2.1/lib/ruby/2.2.0/net/http.rb:1133:in `get'
  faraday (0.9.2) lib/faraday/adapter/net_http.rb:80:in `perform_request'
  faraday (0.9.2) lib/faraday/adapter/net_http.rb:40:in `block in call'
  faraday (0.9.2) lib/faraday/adapter/net_http.rb:87:in `with_net_http_connection'
  faraday (0.9.2) lib/faraday/adapter/net_http.rb:32:in `call'
  searchkick (1.2.1) lib/searchkick/middleware.rb:9:in `call'
  faraday (0.9.2) lib/faraday/rack_builder.rb:139:in `build_response'
  faraday (0.9.2) lib/faraday/connection.rb:377:in `run_request'
  elasticsearch-transport (1.0.17) lib/elasticsearch/transport/transport/http/faraday.rb:21:in `block in perform_request'
  elasticsearch-transport (1.0.17) lib/elasticsearch/transport/transport/base.rb:257:in `call'
  elasticsearch-transport (1.0.17) lib/elasticsearch/transport/transport/base.rb:257:in `perform_request'
  elasticsearch-transport (1.0.17) lib/elasticsearch/transport/transport/http/faraday.rb:20:in `perform_request'
  elasticsearch-transport (1.0.17) lib/elasticsearch/transport/client.rb:128:in `perform_request'
  elasticsearch-api (1.0.17) lib/elasticsearch/api/actions/info.rb:15:in `info'
  searchkick (1.2.1) lib/searchkick.rb:58:in `server_version'
  searchkick (1.2.1) lib/searchkick/query.rb:762:in `below_version?'
  searchkick (1.2.1) lib/searchkick/query.rb:754:in `below14?'
  searchkick (1.2.1) lib/searchkick/query.rb:243:in `prepare'
  searchkick (1.2.1) lib/searchkick/query.rb:33:in `initialize'
  searchkick (1.2.1) lib/searchkick/index.rb:125:in `new'
  searchkick (1.2.1) lib/searchkick/index.rb:125:in `search_model'
  searchkick (1.2.1) lib/searchkick/model.rb:22:in `searchkick_search'
  app/controllers/static_pages_controller.rb:7:in `show'
  actionpack (4.2.5) lib/action_controller/metal/implicit_render.rb:4:in `send_action'
  actionpack (4.2.5) lib/abstract_controller/base.rb:198:in `process_action'
  actionpack (4.2.5) lib/action_controller/metal/rendering.rb:10:in `process_action'
  actionpack (4.2.5) lib/abstract_controller/callbacks.rb:20:in `block in process_action'
  activesupport (4.2.5) lib/active_support/callbacks.rb:117:in `call'
  activesupport (4.2.5) lib/active_support/callbacks.rb:117:in `call'
  activesupport (4.2.5) lib/active_support/callbacks.rb:555:in `block (2 levels) in compile'
  activesupport (4.2.5) lib/active_support/callbacks.rb:505:in `call'
  activesupport (4.2.5) lib/active_support/callbacks.rb:505:in `call'
  activesupport (4.2.5) lib/active_support/callbacks.rb:92:in `__run_callbacks__'
  activesupport (4.2.5) lib/active_support/callbacks.rb:778:in `_run_process_action_callbacks'
  activesupport (4.2.5) lib/active_support/callbacks.rb:81:in `run_callbacks'
  actionpack (4.2.5) lib/abstract_controller/callbacks.rb:19:in `process_action'
  actionpack (4.2.5) lib/action_controller/metal/rescue.rb:29:in `process_action'
  actionpack (4.2.5) lib/action_controller/metal/instrumentation.rb:32:in `block in process_action'
  activesupport (4.2.5) lib/active_support/notifications.rb:164:in `block in instrument'
  activesupport (4.2.5) lib/active_support/notifications/instrumenter.rb:20:in `instrument'
  activesupport (4.2.5) lib/active_support/notifications.rb:164:in `instrument'
  actionpack (4.2.5) lib/action_controller/metal/instrumentation.rb:30:in `process_action'
  actionpack (4.2.5) lib/action_controller/metal/params_wrapper.rb:250:in `process_action'
  searchkick (1.2.1) lib/searchkick/logging.rb:153:in `process_action'
  activerecord (4.2.5) lib/active_record/railties/controller_runtime.rb:18:in `process_action'
  actionpack (4.2.5) lib/abstract_controller/base.rb:137:in `process'
  actionview (4.2.5) lib/action_view/rendering.rb:30:in `process'
  actionpack (4.2.5) lib/action_controller/metal.rb:196:in `dispatch'
  actionpack (4.2.5) lib/action_controller/metal/rack_delegation.rb:13:in `dispatch'
  actionpack (4.2.5) lib/action_controller/metal.rb:237:in `block in action'
  actionpack (4.2.5) lib/action_dispatch/routing/route_set.rb:76:in `call'
  actionpack (4.2.5) lib/action_dispatch/routing/route_set.rb:76:in `dispatch'
  actionpack (4.2.5) lib/action_dispatch/routing/route_set.rb:45:in `serve'
  actionpack (4.2.5) lib/action_dispatch/journey/router.rb:43:in `block in serve'
  actionpack (4.2.5) lib/action_dispatch/journey/router.rb:30:in `each'
  actionpack (4.2.5) lib/action_dispatch/journey/router.rb:30:in `serve'
  actionpack (4.2.5) lib/action_dispatch/routing/route_set.rb:817:in `call'
  warden (1.2.6) lib/warden/manager.rb:35:in `block in call'
  warden (1.2.6) lib/warden/manager.rb:34:in `catch'
  warden (1.2.6) lib/warden/manager.rb:34:in `call'
  rack (1.6.4) lib/rack/etag.rb:24:in `call'
  rack (1.6.4) lib/rack/conditionalget.rb:25:in `call'
  rack (1.6.4) lib/rack/head.rb:13:in `call'
  actionpack (4.2.5) lib/action_dispatch/middleware/params_parser.rb:27:in `call'
  actionpack (4.2.5) lib/action_dispatch/middleware/flash.rb:260:in `call'
  rack (1.6.4) lib/rack/session/abstract/id.rb:225:in `context'
  rack (1.6.4) lib/rack/session/abstract/id.rb:220:in `call'
  actionpack (4.2.5) lib/action_dispatch/middleware/cookies.rb:560:in `call'
  activerecord (4.2.5) lib/active_record/query_cache.rb:36:in `call'
  activerecord (4.2.5) lib/active_record/connection_adapters/abstract/connection_pool.rb:653:in `call'
  activerecord (4.2.5) lib/active_record/migration.rb:377:in `call'
  actionpack (4.2.5) lib/action_dispatch/middleware/callbacks.rb:29:in `block in call'
  activesupport (4.2.5) lib/active_support/callbacks.rb:88:in `__run_callbacks__'
  activesupport (4.2.5) lib/active_support/callbacks.rb:778:in `_run_call_callbacks'
  activesupport (4.2.5) lib/active_support/callbacks.rb:81:in `run_callbacks'
  actionpack (4.2.5) lib/action_dispatch/middleware/callbacks.rb:27:in `call'
  actionpack (4.2.5) lib/action_dispatch/middleware/reloader.rb:73:in `call'
  actionpack (4.2.5) lib/action_dispatch/middleware/remote_ip.rb:78:in `call'
  better_errors (2.1.1) lib/better_errors/middleware.rb:84:in `protected_app_call'
  better_errors (2.1.1) lib/better_errors/middleware.rb:79:in `better_errors_call'
  better_errors (2.1.1) lib/better_errors/middleware.rb:57:in `call'
  actionpack (4.2.5) lib/action_dispatch/middleware/debug_exceptions.rb:17:in `call'
  web-console (2.3.0) lib/web_console/middleware.rb:28:in `block in call'
  web-console (2.3.0) lib/web_console/middleware.rb:18:in `catch'
  web-console (2.3.0) lib/web_console/middleware.rb:18:in `call'
  actionpack (4.2.5) lib/action_dispatch/middleware/show_exceptions.rb:30:in `call'
  railties (4.2.5) lib/rails/rack/logger.rb:38:in `call_app'
  railties (4.2.5) lib/rails/rack/logger.rb:20:in `block in call'
  activesupport (4.2.5) lib/active_support/tagged_logging.rb:68:in `block in tagged'
  activesupport (4.2.5) lib/active_support/tagged_logging.rb:26:in `tagged'
  activesupport (4.2.5) lib/active_support/tagged_logging.rb:68:in `tagged'
  railties (4.2.5) lib/rails/rack/logger.rb:20:in `call'
  quiet_assets (1.1.0) lib/quiet_assets.rb:27:in `call_with_quiet_assets'
  actionpack (4.2.5) lib/action_dispatch/middleware/request_id.rb:21:in `call'
  rack (1.6.4) lib/rack/methodoverride.rb:22:in `call'
  rack (1.6.4) lib/rack/runtime.rb:18:in `call'
  activesupport (4.2.5) lib/active_support/cache/strategy/local_cache_middleware.rb:28:in `call'
  rack (1.6.4) lib/rack/lock.rb:17:in `call'
  actionpack (4.2.5) lib/action_dispatch/middleware/static.rb:116:in `call'
  rack (1.6.4) lib/rack/sendfile.rb:113:in `call'
  railties (4.2.5) lib/rails/engine.rb:518:in `call'
  railties (4.2.5) lib/rails/application.rb:165:in `call'
  rack (1.6.4) lib/rack/content_length.rb:15:in `call'
  puma (3.4.0) lib/puma/configuration.rb:224:in `call'
  puma (3.4.0) lib/puma/server.rb:569:in `handle_request'
  puma (3.4.0) lib/puma/server.rb:406:in `process_client'
  puma (3.4.0) lib/puma/server.rb:271:in `block in run'
  puma (3.4.0) lib/puma/thread_pool.rb:114:in `call'
  puma (3.4.0) lib/puma/thread_pool.rb:114:in `block in spawn_thread'



Started POST "/__better_errors/941d6e1c4b0452af/variables" for ::1 at 2016-05-05 20:54:11 +0700
